<?xml version="1.0" encoding="UTF-8"?>
<!-- Generated by org.testng.reporters.JUnitXMLReporter -->
<testsuite ignored="2" hostname="TL1103" failures="0" tests="4" name="Test" time="25.989" errors="0" timestamp="2024-10-21T12:40:55 IST">
  <testcase classname="base.BaseClass" name="@BeforeClass testcaseDetails" time="0.001">
    <failure type="java.lang.NullPointerException" message="Cannot invoke &amp;quot;com.aventstack.extentreports.ExtentReports.createTest(String, String)&amp;quot; because &amp;quot;this.extent&amp;quot; is null">
      <![CDATA[java.lang.NullPointerException: Cannot invoke "com.aventstack.extentreports.ExtentReports.createTest(String, String)" because "this.extent" is null
at base.BaseClass.testcaseDetails(BaseClass.java:100)
at java.base/java.util.ArrayList.forEach(ArrayList.java:1511)
... Removed 25 stack frames]]>
    </failure>
  </testcase> <!-- @BeforeClass testcaseDetails -->
  <testcase classname="base.BaseClass" name="@BeforeMethod preConditions" time="-1.729494655085E9">
    <skipped/>
  </testcase> <!-- @BeforeMethod preConditions -->
  <testcase classname="base.BaseClass" name="@AfterMethod postConditions" time="-1.72949465509E9">
    <skipped/>
  </testcase> <!-- @AfterMethod postConditions -->
  <testcase classname="base.BaseClass" name="@BeforeMethod preConditions" time="-1.72949465509E9">
    <skipped/>
  </testcase> <!-- @BeforeMethod preConditions -->
  <testcase classname="base.BaseClass" name="@AfterMethod postConditions" time="-1.729494655094E9">
    <skipped/>
  </testcase> <!-- @AfterMethod postConditions -->
  <testcase classname="testcases.TC_001CreateLead" name="runCreateLead" time="6.333"/>
  <testcase classname="testcases.TC_001CreateLead" name="runCreateLead" time="6.745"/>
  <testcase classname="testcases.TC_002Login" name="runLogin" time="0.0">
    <skipped/>
  </testcase> <!-- runLogin -->
  <testcase classname="testcases.TC_002Login" name="runLogin" time="0.0">
    <skipped/>
  </testcase> <!-- runLogin -->
  <testcase classname="base.BaseClass" name="@AfterSuite endReport" time="0.0">
    <ignored/>
  </testcase> <!-- @AfterSuite endReport -->
  <testcase classname="base.BaseClass" name="@BeforeSuite startReport" time="0.0">
    <ignored/>
  </testcase> <!-- @BeforeSuite startReport -->
</testsuite> <!-- Test -->
